<?xml version="1.0" encoding="UTF-8"?>
<!-- Generated by org.testng.reporters.JUnitReportReporter -->
<testsuite hostname="DESKTOP-36OJA94" failures="0" tests="2" name="TestNg.ex3_TestNG_keyword_Dependent" time="0.018" errors="0" timestamp="2023-11-23T01:36:01 IST" skipped="0">
  <testcase classname="TestNg.ex3_TestNG_keyword_Dependent" name="OpenBrowser" time="0.016"/>
  <system-out/>
  <testcase classname="TestNg.ex3_TestNG_keyword_Dependent" name="SignIn" time="0.002"/>
  <system-out/>
</testsuite> <!-- TestNg.ex3_TestNG_keyword_Dependent -->
