<?xml version="1.0" encoding="UTF-8"?>
<!-- Generated by org.testng.reporters.JUnitReportReporter -->
<testsuite hostname="DESKTOP-36OJA94" failures="0" tests="3" name="TestNG_TestSuit.Ex1_Sample1" time="0.016" errors="0" timestamp="2023-11-24T18:17:49 IST" skipped="0">
  <testcase classname="TestNG_TestSuit.Ex1_Sample1" name="TC3" time="0.003"/>
  <system-out>
    <![CDATA[Running TC3]]>
  </system-out>
  <testcase classname="TestNG_TestSuit.Ex1_Sample1" name="TC2" time="0.011"/>
  <system-out>
    <![CDATA[Running TC2]]>
  </system-out>
  <testcase classname="TestNG_TestSuit.Ex1_Sample1" name="TC4" time="0.002"/>
  <system-out>
    <![CDATA[Running TC4]]>
  </system-out>
</testsuite> <!-- TestNG_TestSuit.Ex1_Sample1 -->
