<?xml version="1.0" encoding="UTF-8"?>
<!-- Generated by org.testng.reporters.JUnitReportReporter -->
<testsuite hostname="DESKTOP-36OJA94" failures="0" tests="2" name="TestNg.ex8_AssertEqual" time="0.022" errors="0" timestamp="2023-11-12T00:57:55 IST" skipped="0">
  <testcase classname="TestNg.ex8_AssertEqual" name="TC2" time="0.004"/>
  <system-out/>
  <testcase classname="TestNg.ex8_AssertEqual" name="TC1" time="0.018"/>
  <system-out/>
</testsuite> <!-- TestNg.ex8_AssertEqual -->
