<?xml version="1.0" encoding="UTF-8"?>
<!-- Generated by org.testng.reporters.JUnitReportReporter -->
<testsuite hostname="DESKTOP-36OJA94" failures="0" tests="3" name="TestNg.ex5_tstNG_Keywords_priority" time="0.030" errors="0" timestamp="2023-11-10T21:25:00 IST" skipped="0">
  <testcase classname="TestNg.ex5_tstNG_Keywords_priority" name="TC2" time="0.017"/>
  <system-out>
    <![CDATA[Running TC2]]>
  </system-out>
  <testcase classname="TestNg.ex5_tstNG_Keywords_priority" name="TC3" time="0.003"/>
  <system-out>
    <![CDATA[Running TC3]]>
  </system-out>
  <testcase classname="TestNg.ex5_tstNG_Keywords_priority" name="TC1" time="0.010"/>
  <system-out>
    <![CDATA[Running TC1]]>
  </system-out>
</testsuite> <!-- TestNg.ex5_tstNG_Keywords_priority -->
