<?xml version="1.0" encoding="UTF-8"?>
<!-- Generated by org.testng.reporters.JUnitReportReporter -->
<testsuite hostname="DESKTOP-36OJA94" failures="0" tests="4" name="TestNg.ex3_testNG_keyword_timeout" time="0.088" errors="0" timestamp="2023-11-27T17:07:31 IST" skipped="0">
  <testcase classname="TestNg.ex3_testNG_keyword_timeout" name="TC1" time="0.030"/>
  <system-out>
    <![CDATA[Running TC1]]>
  </system-out>
  <testcase classname="TestNg.ex3_testNG_keyword_timeout" name="TC2" time="0.053"/>
  <system-out>
    <![CDATA[Running TC2]]>
  </system-out>
  <testcase classname="TestNg.ex3_testNG_keyword_timeout" name="TC3" time="0.002"/>
  <system-out>
    <![CDATA[Running TC3]]>
  </system-out>
  <testcase classname="TestNg.ex3_testNG_keyword_timeout" name="TC4" time="0.003"/>
  <system-out>
    <![CDATA[Running TC4]]>
  </system-out>
</testsuite> <!-- TestNg.ex3_testNG_keyword_timeout -->
