<?xml version="1.0" encoding="UTF-8"?>
<!-- Generated by org.testng.reporters.JUnitReportReporter -->
<testsuite hostname="DESKTOP-36OJA94" failures="0" tests="3" name="TestNg.ex3_TestNG_keyword_GroupDependent" time="0.030" errors="0" timestamp="2023-11-23T01:38:47 IST" skipped="0">
  <testcase classname="TestNg.ex3_TestNG_keyword_GroupDependent" name="LogIn1" time="0.022"/>
  <system-out/>
  <testcase classname="TestNg.ex3_TestNG_keyword_GroupDependent" name="LogIn" time="0.002"/>
  <system-out/>
  <testcase classname="TestNg.ex3_TestNG_keyword_GroupDependent" name="ViewAcc" time="0.006"/>
  <system-out/>
</testsuite> <!-- TestNg.ex3_TestNG_keyword_GroupDependent -->
