<?xml version="1.0" encoding="UTF-8"?>
<!-- Generated by org.testng.reporters.JUnitReportReporter -->
<testsuite hostname="DESKTOP-36OJA94" failures="0" tests="1" name="TestNg.ex4_verification_assertEqual12" time="57.371" errors="0" timestamp="2023-11-23T13:34:38 IST" skipped="0">
  <testcase classname="TestNg.ex4_verification_assertEqual12" name="OpenBrowser" time="57.371"/>
  <system-out/>
</testsuite> <!-- TestNg.ex4_verification_assertEqual12 -->
