<?xml version="1.0" encoding="UTF-8"?>
<!-- Generated by org.testng.reporters.JUnitReportReporter -->
<testsuite hostname="DESKTOP-36OJA94" failures="0" tests="3" name="TestNg.ex3_testNG_Keyword_Groups" time="0.016" errors="0" timestamp="2023-11-27T17:03:14 IST" skipped="0">
  <testcase classname="TestNg.ex3_testNG_Keyword_Groups" name="Login3" time="0.005"/>
  <system-out>
    <![CDATA[Login3.....]]>
  </system-out>
  <testcase classname="TestNg.ex3_testNG_Keyword_Groups" name="Login2" time="0.008"/>
  <system-out>
    <![CDATA[Login2....]]>
  </system-out>
  <testcase classname="TestNg.ex3_testNG_Keyword_Groups" name="Login1" time="0.003"/>
  <system-out>
    <![CDATA[Login1....]]>
  </system-out>
</testsuite> <!-- TestNg.ex3_testNG_Keyword_Groups -->
