<?xml version="1.0" encoding="UTF-8"?>
<!-- Generated by org.testng.reporters.JUnitReportReporter -->
<testsuite hostname="DESKTOP-36OJA94" failures="0" tests="4" name="TestNg.ex4_tstNG_Keywords" time="0.029" errors="0" timestamp="2023-11-10T21:21:10 IST" skipped="1">
  <testcase classname="TestNg.ex4_tstNG_Keywords" name="TC1" time="0.008"/>
  <system-out>
    <![CDATA[Running TC1]]>
  </system-out>
  <testcase classname="TestNg.ex4_tstNG_Keywords" name="TC3" time="0.002"/>
  <system-out>
    <![CDATA[Running TC3]]>
  </system-out>
  <testcase classname="TestNg.ex4_tstNG_Keywords" name="TC1" time="0.019"/>
  <system-out>
    <![CDATA[Running TC1]]>
  </system-out>
  <testcase classname="TestNg.ex4_tstNG_Keywords" name="TC2">
    <skipped/>
  </testcase> <!-- TC2 -->
  <system-out/>
</testsuite> <!-- TestNg.ex4_tstNG_Keywords -->
