<?xml version="1.0" encoding="UTF-8"?>
<!-- Generated by org.testng.reporters.JUnitReportReporter -->
<testsuite hostname="DESKTOP-36OJA94" failures="0" tests="2" name="Practice1.SwagLabTestClass" time="13.656" errors="0" timestamp="2023-11-30T15:10:27 IST" skipped="0">
  <testcase classname="Practice1.SwagLabTestClass" name="verifyTitle" time="5.661"/>
  <system-out/>
  <testcase classname="Practice1.SwagLabTestClass" name="AddTocart" time="7.995"/>
  <system-out/>
</testsuite> <!-- Practice1.SwagLabTestClass -->
