<?xml version="1.0" encoding="UTF-8"?>
<!-- Generated by org.testng.reporters.JUnitReportReporter -->
<testsuite hostname="DESKTOP-36OJA94" failures="0" tests="2" name="MultiBrowser_Test.Ex2" time="131.502" errors="0" timestamp="2023-11-29T18:46:22 IST" skipped="0">
  <testcase classname="MultiBrowser_Test.Ex2" name="OpenFacebook" time="43.414"/>
  <system-out/>
  <testcase classname="MultiBrowser_Test.Ex2" name="OpenFacebook" time="88.088"/>
  <system-out/>
</testsuite> <!-- MultiBrowser_Test.Ex2 -->
