<?xml version="1.0" encoding="UTF-8"?>
<!-- Generated by org.testng.reporters.JUnitReportReporter -->
<testsuite hostname="DESKTOP-36OJA94" failures="0" tests="1" name="BaseClass_UtilityClass.BaseClass" time="18.555" errors="0" timestamp="2023-11-30T15:33:13 IST" skipped="0">
  <testcase classname="BaseClass_UtilityClass.BaseClass" name="OpenBrowser" time="18.555"/>
  <system-out/>
</testsuite> <!-- BaseClass_UtilityClass.BaseClass -->
