<?xml version="1.0" encoding="UTF-8"?>
<!-- Generated by org.testng.reporters.JUnitReportReporter -->
<testsuite hostname="DESKTOP-36OJA94" failures="0" tests="3" name="TestNg.ex3_Anotation" time="0.031" errors="0" timestamp="2023-11-27T16:57:43 IST" skipped="0">
  <testcase classname="TestNg.ex3_Anotation" name="TC3" time="0.017"/>
  <system-out>
    <![CDATA[Running TC3]]>
  </system-out>
  <testcase classname="TestNg.ex3_Anotation" name="TC2" time="0.007"/>
  <system-out>
    <![CDATA[Running TC2]]>
  </system-out>
  <testcase classname="TestNg.ex3_Anotation" name="TC1_Profile" time="0.007"/>
  <system-out>
    <![CDATA[Running TC1]]>
  </system-out>
</testsuite> <!-- TestNg.ex3_Anotation -->
