<?xml version="1.0" encoding="UTF-8"?>
<!-- Generated by org.testng.reporters.JUnitReportReporter -->
<testsuite hostname="DESKTOP-36OJA94" failures="0" tests="20" name="Extra_TestNG.NewTestngClass" time="0.187" errors="0" timestamp="2023-11-22T00:24:09 IST" skipped="0">
  <testcase classname="Extra_TestNG.NewTestngClass" name="testcase2" time="0.008"/>
  <system-out/>
  <testcase classname="Extra_TestNG.NewTestngClass" name="testcase2" time="0.013"/>
  <system-out/>
  <testcase classname="Extra_TestNG.NewTestngClass" name="testcase2" time="0.006"/>
  <system-out/>
  <testcase classname="Extra_TestNG.NewTestngClass" name="testcase2" time="0.013"/>
  <system-out/>
  <testcase classname="Extra_TestNG.NewTestngClass" name="testcase2" time="0.006"/>
  <system-out/>
  <testcase classname="Extra_TestNG.NewTestngClass" name="testcase1" time="0.021"/>
  <system-out/>
  <testcase classname="Extra_TestNG.NewTestngClass" name="testcase1" time="0.007"/>
  <system-out/>
  <testcase classname="Extra_TestNG.NewTestngClass" name="testcase2" time="0.003"/>
  <system-out/>
  <testcase classname="Extra_TestNG.NewTestngClass" name="testcase1" time="0.037"/>
  <system-out/>
  <testcase classname="Extra_TestNG.NewTestngClass" name="testcase1" time="0.011"/>
  <system-out/>
  <testcase classname="Extra_TestNG.NewTestngClass" name="testcase1" time="0.012"/>
  <system-out/>
  <testcase classname="Extra_TestNG.NewTestngClass" name="testcase2" time="0.002"/>
  <system-out/>
  <testcase classname="Extra_TestNG.NewTestngClass" name="testcase1" time="0.006"/>
  <system-out/>
  <testcase classname="Extra_TestNG.NewTestngClass" name="testcase1" time="0.007"/>
  <system-out/>
  <testcase classname="Extra_TestNG.NewTestngClass" name="testcase1" time="0.003"/>
  <system-out/>
  <testcase classname="Extra_TestNG.NewTestngClass" name="testcase2" time="0.015"/>
  <system-out/>
  <testcase classname="Extra_TestNG.NewTestngClass" name="testcase2" time="0.002"/>
  <system-out/>
  <testcase classname="Extra_TestNG.NewTestngClass" name="testcase1" time="0.004"/>
  <system-out/>
  <testcase classname="Extra_TestNG.NewTestngClass" name="testcase1" time="0.009"/>
  <system-out/>
  <testcase classname="Extra_TestNG.NewTestngClass" name="testcase2" time="0.002"/>
  <system-out/>
</testsuite> <!-- Extra_TestNG.NewTestngClass -->
