<?xml version="1.0" encoding="UTF-8"?>
<!-- Generated by org.testng.reporters.JUnitReportReporter -->
<testsuite hostname="DESKTOP-36OJA94" failures="0" tests="2" name="TestNg.ex4_verification_assertEqual2" time="0.667" errors="0" timestamp="2023-11-23T19:19:05 IST" skipped="0">
  <testcase classname="TestNg.ex4_verification_assertEqual2" name="VerifyTitle" time="0.098"/>
  <system-out/>
  <testcase classname="TestNg.ex4_verification_assertEqual2" name="logo" time="0.569"/>
  <system-out/>
</testsuite> <!-- TestNg.ex4_verification_assertEqual2 -->
