<?xml version="1.0" encoding="UTF-8"?>
<!-- Generated by org.testng.reporters.JUnitReportReporter -->
<testsuite hostname="DESKTOP-36OJA94" failures="0" tests="2" name="TestNg.Ex6_TestSuit_sample1" time="0.015" errors="0" timestamp="2023-11-14T23:27:55 IST" skipped="0">
  <testcase classname="TestNg.Ex6_TestSuit_sample1" name="TC2" time="0.003"/>
  <system-out>
    <![CDATA[Running TC2]]>
  </system-out>
  <testcase classname="TestNg.Ex6_TestSuit_sample1" name="TC1" time="0.012"/>
  <system-out>
    <![CDATA[Running TC1]]>
  </system-out>
</testsuite> <!-- TestNg.Ex6_TestSuit_sample1 -->
