<?xml version="1.0" encoding="UTF-8"?>
<!-- Generated by org.testng.reporters.JUnitReportReporter -->
<testsuite hostname="DESKTOP-36OJA94" failures="0" tests="3" name="TestNG_TestSuit.Ex1_Sample2" time="0.003" errors="0" timestamp="2023-11-24T18:17:49 IST" skipped="2">
  <testcase classname="TestNG_TestSuit.Ex1_Sample2" name="TC7" time="0.003"/>
  <system-out>
    <![CDATA[Running TC7]]>
  </system-out>
  <testcase classname="TestNG_TestSuit.Ex1_Sample2" name="TC6">
    <skipped/>
  </testcase> <!-- TC6 -->
  <system-out/>
  <testcase classname="TestNG_TestSuit.Ex1_Sample2" name="TC10">
    <skipped/>
  </testcase> <!-- TC10 -->
  <system-out/>
</testsuite> <!-- TestNG_TestSuit.Ex1_Sample2 -->
