<?xml version="1.0" encoding="UTF-8"?>
<!-- Generated by org.testng.reporters.JUnitReportReporter -->
<testsuite hostname="DESKTOP-36OJA94" failures="0" tests="2" name="MultiBrowser_Test.Ex1" time="62.198" errors="0" timestamp="2023-11-25T19:59:00 IST" skipped="0">
  <testcase classname="MultiBrowser_Test.Ex1" name="OpenFacebook" time="27.234"/>
  <system-out/>
  <testcase classname="MultiBrowser_Test.Ex1" name="OpenFacebook" time="34.964"/>
  <system-out/>
</testsuite> <!-- MultiBrowser_Test.Ex1 -->
