<?xml version="1.0" encoding="UTF-8"?>
<!-- Generated by org.testng.reporters.JUnitReportReporter -->
<testsuite hostname="DESKTOP-36OJA94" failures="0" tests="2" name="TestNg.Ex6_TestSuit_sample2" time="0.002" errors="0" timestamp="2023-11-14T23:27:55 IST" skipped="1">
  <testcase classname="TestNg.Ex6_TestSuit_sample2" name="TC4" time="0.002"/>
  <system-out>
    <![CDATA[Running TC4]]>
  </system-out>
  <testcase classname="TestNg.Ex6_TestSuit_sample2" name="TC6">
    <skipped/>
  </testcase> <!-- TC6 -->
  <system-out/>
</testsuite> <!-- TestNg.Ex6_TestSuit_sample2 -->
