<?xml version="1.0" encoding="UTF-8"?>
<!-- Generated by org.testng.reporters.JUnitReportReporter -->
<testsuite hostname="DESKTOP-36OJA94" failures="0" tests="3" name="TestNg.ex7_testNG_keyword_DependsOnMethodt" time="0.022" errors="0" timestamp="2023-11-10T21:49:39 IST" skipped="0">
  <testcase classname="TestNg.ex7_testNG_keyword_DependsOnMethodt" name="Login" time="0.017"/>
  <system-out>
    <![CDATA[Login]]>
  </system-out>
  <testcase classname="TestNg.ex7_testNG_keyword_DependsOnMethodt" name="Login1" time="0.001"/>
  <system-out>
    <![CDATA[Login1]]>
  </system-out>
  <testcase classname="TestNg.ex7_testNG_keyword_DependsOnMethodt" name="Logout" time="0.004"/>
  <system-out>
    <![CDATA[Logout]]>
  </system-out>
</testsuite> <!-- TestNg.ex7_testNG_keyword_DependsOnMethodt -->
