<?xml version="1.0" encoding="UTF-8"?>
<!-- Generated by org.testng.reporters.JUnitReportReporter -->
<testsuite hostname="DESKTOP-36OJA94" failures="0" tests="3" name="TestNg.ex2" time="16.625" errors="0" timestamp="2023-11-10T20:09:24 IST" skipped="0">
  <testcase classname="TestNg.ex2" name="TC3" time="0.004"/>
  <system-out>
    <![CDATA[running TC3]]>
  </system-out>
  <testcase classname="TestNg.ex2" name="TC2" time="0.002"/>
  <system-out/>
  <testcase classname="TestNg.ex2" name="TC1" time="16.619"/>
  <system-out/>
</testsuite> <!-- TestNg.ex2 -->
