<?xml version="1.0" encoding="UTF-8"?>
<!-- Generated by org.testng.reporters.JUnitReportReporter -->
<testsuite hostname="DESKTOP-36OJA94" failures="0" tests="2" name="TestNg.ex1" time="0.037" errors="0" timestamp="2023-11-12T18:22:12 IST" skipped="0">
  <testcase classname="TestNg.ex1" name="m1" time="0.031"/>
  <system-out/>
  <testcase classname="TestNg.ex1" name="m2" time="0.006"/>
  <system-out>
    <![CDATA[running m2]]>
  </system-out>
</testsuite> <!-- TestNg.ex1 -->
