<?xml version="1.0" encoding="UTF-8"?>
<!-- Generated by org.testng.reporters.JUnitReportReporter -->
<testsuite hostname="DESKTOP-36OJA94" failures="0" tests="3" name="TestNg.ex3_testNG_Keyword_Group" time="0.024" errors="0" timestamp="2023-11-27T17:03:14 IST" skipped="0">
  <testcase classname="TestNg.ex3_testNG_Keyword_Group" name="Login8" time="0.017"/>
  <system-out>
    <![CDATA[Login8.....]]>
  </system-out>
  <testcase classname="TestNg.ex3_testNG_Keyword_Group" name="Login7" time="0.002"/>
  <system-out>
    <![CDATA[Login7....]]>
  </system-out>
  <testcase classname="TestNg.ex3_testNG_Keyword_Group" name="Login6" time="0.005"/>
  <system-out>
    <![CDATA[Login6....]]>
  </system-out>
</testsuite> <!-- TestNg.ex3_testNG_Keyword_Group -->
