<?xml version="1.0" encoding="UTF-8"?>
<!-- Generated by org.testng.reporters.JUnitReportReporter -->
<testsuite hostname="DESKTOP-36OJA94" failures="0" tests="5" name="TestNG_TestSuit.Ex2_Sample_2Groups" time="0.026" errors="0" timestamp="2023-11-24T22:57:53 IST" skipped="0">
  <testcase classname="TestNG_TestSuit.Ex2_Sample_2Groups" name="TC9" time="0.004"/>
  <system-out>
    <![CDATA[Running TC9]]>
  </system-out>
  <testcase classname="TestNG_TestSuit.Ex2_Sample_2Groups" name="TC7" time="0.003"/>
  <system-out>
    <![CDATA[Running TC7]]>
  </system-out>
  <testcase classname="TestNG_TestSuit.Ex2_Sample_2Groups" name="TC10" time="0.014"/>
  <system-out>
    <![CDATA[Running TC10]]>
  </system-out>
  <testcase classname="TestNG_TestSuit.Ex2_Sample_2Groups" name="TC6" time="0.003"/>
  <system-out>
    <![CDATA[Running TC6]]>
  </system-out>
  <testcase classname="TestNG_TestSuit.Ex2_Sample_2Groups" name="TC8" time="0.002"/>
  <system-out>
    <![CDATA[Running TC8]]>
  </system-out>
</testsuite> <!-- TestNG_TestSuit.Ex2_Sample_2Groups -->
