<?xml version="1.0" encoding="UTF-8"?>
<!-- Generated by org.testng.reporters.JUnitReportReporter -->
<testsuite hostname="DESKTOP-36OJA94" failures="0" tests="10" name="Extra_TestNG.ex1" time="0.149" errors="0" timestamp="2023-11-22T00:15:20 IST" skipped="0">
  <testcase classname="Extra_TestNG.ex1" name="testMe" time="0.007"/>
  <system-out/>
  <testcase classname="Extra_TestNG.ex1" name="testMe" time="0.008"/>
  <system-out/>
  <testcase classname="Extra_TestNG.ex1" name="testMe" time="0.039"/>
  <system-out/>
  <testcase classname="Extra_TestNG.ex1" name="testMe" time="0.042"/>
  <system-out/>
  <testcase classname="Extra_TestNG.ex1" name="testMe" time="0.004"/>
  <system-out/>
  <testcase classname="Extra_TestNG.ex1" name="testMe" time="0.006"/>
  <system-out/>
  <testcase classname="Extra_TestNG.ex1" name="testMe" time="0.004"/>
  <system-out/>
  <testcase classname="Extra_TestNG.ex1" name="testMe" time="0.018"/>
  <system-out/>
  <testcase classname="Extra_TestNG.ex1" name="testMe" time="0.003"/>
  <system-out/>
  <testcase classname="Extra_TestNG.ex1" name="testMe" time="0.018"/>
  <system-out/>
</testsuite> <!-- Extra_TestNG.ex1 -->
