<?xml version="1.0" encoding="UTF-8"?>
<!-- Generated by org.testng.reporters.JUnitReportReporter -->
<testsuite hostname="DESKTOP-36OJA94" failures="0" tests="5" name="TestNG_TestSuit.Ex1_Sample3" time="0.009" errors="0" timestamp="2023-11-24T18:05:44 IST" skipped="0">
  <testcase classname="TestNG_TestSuit.Ex1_Sample3" name="TC7" time="0.003"/>
  <system-out>
    <![CDATA[Running TC7]]>
  </system-out>
  <testcase classname="TestNG_TestSuit.Ex1_Sample3" name="TC6" time="0.001"/>
  <system-out>
    <![CDATA[Running TC6]]>
  </system-out>
  <testcase classname="TestNG_TestSuit.Ex1_Sample3" name="TC9" time="0.001"/>
  <system-out>
    <![CDATA[Running TC9]]>
  </system-out>
  <testcase classname="TestNG_TestSuit.Ex1_Sample3" name="TC8" time="0.002"/>
  <system-out>
    <![CDATA[Running TC8]]>
  </system-out>
  <testcase classname="TestNG_TestSuit.Ex1_Sample3" name="TC10" time="0.002"/>
  <system-out>
    <![CDATA[Running TC10]]>
  </system-out>
</testsuite> <!-- TestNG_TestSuit.Ex1_Sample3 -->
