<?xml version="1.0" encoding="UTF-8"?>
<!-- Generated by org.testng.reporters.JUnitReportReporter -->
<testsuite hostname="DESKTOP-36OJA94" failures="0" tests="2" name="BaseClass_UtilityClass.SwagLabTest" time="21.265" errors="0" timestamp="2023-12-01T22:29:00 IST" skipped="0">
  <testcase classname="BaseClass_UtilityClass.SwagLabTest" name="verifyTitle" time="9.973"/>
  <system-out/>
  <testcase classname="BaseClass_UtilityClass.SwagLabTest" name="AddToCart" time="11.292"/>
  <system-out/>
</testsuite> <!-- BaseClass_UtilityClass.SwagLabTest -->
