<?xml version="1.0" encoding="UTF-8"?>
<!-- Generated by org.testng.reporters.JUnitReportReporter -->
<testsuite hostname="DESKTOP-36OJA94" failures="0" tests="5" name="TestNG_TestSuit.Ex2_Sample1_Groups" time="0.031" errors="0" timestamp="2023-11-24T22:57:53 IST" skipped="0">
  <testcase classname="TestNG_TestSuit.Ex2_Sample1_Groups" name="TC4" time="0.003"/>
  <system-out>
    <![CDATA[Running TC4]]>
  </system-out>
  <testcase classname="TestNG_TestSuit.Ex2_Sample1_Groups" name="TC1" time="0.013"/>
  <system-out>
    <![CDATA[Running TC1]]>
  </system-out>
  <testcase classname="TestNG_TestSuit.Ex2_Sample1_Groups" name="TC2" time="0.003"/>
  <system-out>
    <![CDATA[Running TC2]]>
  </system-out>
  <testcase classname="TestNG_TestSuit.Ex2_Sample1_Groups" name="TC3" time="0.004"/>
  <system-out>
    <![CDATA[Running TC3]]>
  </system-out>
  <testcase classname="TestNG_TestSuit.Ex2_Sample1_Groups" name="TC5" time="0.008"/>
  <system-out>
    <![CDATA[Running TC5]]>
  </system-out>
</testsuite> <!-- TestNG_TestSuit.Ex2_Sample1_Groups -->
