<?xml version="1.0" encoding="UTF-8"?>
<!-- Generated by org.testng.reporters.JUnitReportReporter -->
<testsuite hostname="DESKTOP-36OJA94" failures="0" tests="2" name="TestNg.TestNG_Dependent" time="0.019" errors="0" timestamp="2023-11-23T01:32:34 IST" skipped="0">
  <testcase classname="TestNg.TestNG_Dependent" name="SignIn" time="0.003"/>
  <system-out/>
  <testcase classname="TestNg.TestNG_Dependent" name="OpenBrowser" time="0.016"/>
  <system-out/>
</testsuite> <!-- TestNg.TestNG_Dependent -->
