<?xml version="1.0" encoding="UTF-8"?>
<!-- Generated by org.testng.reporters.JUnitReportReporter -->
<testsuite hostname="DESKTOP-36OJA94" failures="0" tests="3" name="TestNG_TestSuit.Ex1_Sample_2Groups" time="0.018" errors="0" timestamp="2023-11-24T22:51:16 IST" skipped="0">
  <testcase classname="TestNG_TestSuit.Ex1_Sample_2Groups" name="TC10" time="0.014"/>
  <system-out>
    <![CDATA[Running TC10]]>
  </system-out>
  <testcase classname="TestNG_TestSuit.Ex1_Sample_2Groups" name="TC7" time="0.002"/>
  <system-out>
    <![CDATA[Running TC7]]>
  </system-out>
  <testcase classname="TestNG_TestSuit.Ex1_Sample_2Groups" name="TC6" time="0.002"/>
  <system-out>
    <![CDATA[Running TC6]]>
  </system-out>
</testsuite> <!-- TestNG_TestSuit.Ex1_Sample_2Groups -->
